[debug] [2025-03-07T20:58:19.484Z] ----------------------------------------------------------------------
[debug] [2025-03-07T20:58:19.489Z] Command:       C:\Program Files\nodejs\node.exe C:\Users\ashok\AppData\Roaming\npm\node_modules\firebase-tools\lib\bin\firebase.js init functions
[debug] [2025-03-07T20:58:19.490Z] CLI Version:   13.29.3
[debug] [2025-03-07T20:58:19.490Z] Platform:      win32
[debug] [2025-03-07T20:58:19.490Z] Node Version:  v21.4.0
[debug] [2025-03-07T20:58:19.491Z] Time:          Sat Mar 08 2025 02:28:19 GMT+0530 (India Standard Time)
[debug] [2025-03-07T20:58:19.492Z] ----------------------------------------------------------------------
[debug] 
[debug] [2025-03-07T20:58:19.924Z] > command requires scopes: ["email","openid","https://www.googleapis.com/auth/cloudplatformprojects.readonly","https://www.googleapis.com/auth/firebase","https://www.googleapis.com/auth/cloud-platform"]
[debug] [2025-03-07T20:58:19.925Z] > authorizing via signed-in user (641ea2046945bb4ac82c40f9@gmail.com)
[info] 
     ######## #### ########  ######## ########     ###     ######  ########
     ##        ##  ##     ## ##       ##     ##  ##   ##  ##       ##
     ######    ##  ########  ######   ########  #########  ######  ######
     ##        ##  ##    ##  ##       ##     ## ##     ##       ## ##
     ##       #### ##     ## ######## ########  ##     ##  ######  ########

You're about to initialize a Firebase project in this directory:

  E:\CAMPUS_TEAMUP

Before we get started, keep in mind:

  * You are initializing within an existing Firebase project directory

